#
# A fatal error has been detected by the Java Runtime Environment:
#
#  Internal Error (javaClasses.cpp:129), pid=8812, tid=3061037888
#  fatal error: Invalid layout of preloaded class
#
# JRE version: 7.0_15-b20
# Java VM: OpenJDK Server VM (23.7-b01 mixed mode linux-x86 )
# Failed to write core dump. Core dumps have been disabled. To enable core dumping, try "ulimit -c unlimited" before starting Java again
#
# If you would like to submit a bug report, please include
# instructions on how to reproduce the bug and visit:
#   https://bugs.launchpad.net/ubuntu/+source/openjdk-7/
#

---------------  T H R E A D  ---------------

Current thread (0xb6506800):  JavaThread "Unknown thread" [_thread_in_vm, id=8817, stack(0xb66eb000,0xb673c000)]

Stack: [0xb66eb000,0xb673c000]

[error occurred during error reporting (printing native stack), id 0xb]


---------------  P R O C E S S  ---------------

Java Threads: ( => current thread )

Other Threads:

=>0xb6506800 (exited) JavaThread "Unknown thread" [_thread_in_vm, id=8817, stack(0xb66eb000,0xb673c000)]

VM state:not at safepoint (not fully initialized)

VM Mutex/Monitor currently owned by a thread: None

GC Heap History (0 events):
No events

Deoptimization events (0 events):
No events

Internal exceptions (0 events):
No events

Events (10 events):
Event: 0.115 loading class 0xb65347d8 done
Event: 0.115 loading class 0xb6534118 done
Event: 0.115 loading class 0xb65340f0
Event: 0.115 loading class 0xb6553fe8
Event: 0.115 loading class 0xb6553fe8 done
Event: 0.115 loading class 0xb6554020
Event: 0.115 loading class 0xb6554020 done
Event: 0.115 loading class 0xb6554058
Event: 0.116 loading class 0xb6554058 done
Event: 0.116 loading class 0xb65340f0 done


Dynamic libraries:
08048000-08049000 r-xp 00000000 08:01 1704294    /usr/lib/jvm/java-7-openjdk-i386/jre/bin/java
08049000-0804a000 r--p 00000000 08:01 1704294    /usr/lib/jvm/java-7-openjdk-i386/jre/bin/java
0804a000-0804b000 rw-p 00001000 08:01 1704294    /usr/lib/jvm/java-7-openjdk-i386/jre/bin/java
09a09000-09a2a000 rw-p 00000000 00:00 0          [heap]
689a2000-68a68000 r--s 0116f000 08:01 3414662    /home/zsljulius/adt-bundle-linux-x86/sdk/platforms/android-17/android.jar
68a68000-6b900000 rw-p 00000000 00:00 0 
6b900000-6b921000 rw-p 00000000 00:00 0 
6b921000-6ba00000 ---p 00000000 00:00 0 
6ba7f000-6ba80000 ---p 00000000 00:00 0 
6ba80000-6bb00000 rw-p 00000000 00:00 0 
6bb00000-6bb21000 rw-p 00000000 00:00 0 
6bb21000-6bc00000 ---p 00000000 00:00 0 
6bc7f000-6bc80000 ---p 00000000 00:00 0 
6bc80000-6bd00000 rw-p 00000000 00:00 0 
6bd00000-6bd21000 rw-p 00000000 00:00 0 
6bd21000-6be00000 ---p 00000000 00:00 0 
6be7f000-6be80000 ---p 00000000 00:00 0 
6be80000-6bf00000 rw-p 00000000 00:00 0 
6bf00000-6bf21000 rw-p 00000000 00:00 0 
6bf21000-6c000000 ---p 00000000 00:00 0 
6c012000-6c036000 rw-p 00000000 00:00 0 
6c036000-6c037000 ---p 00000000 00:00 0 
6c037000-6c0cc000 rw-p 00000000 00:00 0 
6c0cc000-6c207000 rw-p 00000000 00:00 0 
6c207000-6c20f000 rw-p 00000000 00:00 0 
6c20f000-6c247000 rw-p 00000000 00:00 0 
6c247000-6c25c000 rw-p 00000000 00:00 0 
6c25c000-6c397000 rw-p 00000000 00:00 0 
6c397000-6c3a2000 rw-p 00000000 00:00 0 
6c3a2000-6c43f000 rw-p 00000000 00:00 0 
6c43f000-6d440000 rw-p 00000000 00:00 0 
6d440000-74440000 rw-p 00000000 00:00 0 
74440000-76e40000 rw-p 00000000 00:00 0 
76e40000-9e440000 rw-p 00000000 00:00 0 
9e440000-9f930000 rw-p 00000000 00:00 0 
9f930000-b3440000 rw-p 00000000 00:00 0 
b3440000-b3449000 rw-p 00000000 00:00 0 
b3449000-b3500000 rw-p 00000000 00:00 0 
b3500000-b3740000 rwxp 00000000 00:00 0 
b3740000-b6556000 rw-p 00000000 00:00 0 
b6556000-b6600000 ---p 00000000 00:00 0 
b6623000-b662b000 rw-p 00000000 00:00 0 
b662b000-b6663000 rw-p 00000000 00:00 0 
b6663000-b666b000 r-xp 00000000 08:01 1442679    /usr/lib/jvm/java-7-openjdk-i386/jre/lib/i386/libzip.so
b666b000-b666c000 r--p 00007000 08:01 1442679    /usr/lib/jvm/java-7-openjdk-i386/jre/lib/i386/libzip.so
b666c000-b666d000 rw-p 00008000 08:01 1442679    /usr/lib/jvm/java-7-openjdk-i386/jre/lib/i386/libzip.so
b666d000-b6678000 r-xp 00000000 08:01 3277885    /lib/i386-linux-gnu/libnss_files-2.15.so
b6678000-b6679000 r--p 0000a000 08:01 3277885    /lib/i386-linux-gnu/libnss_files-2.15.so
b6679000-b667a000 rw-p 0000b000 08:01 3277885    /lib/i386-linux-gnu/libnss_files-2.15.so
b667a000-b6684000 r-xp 00000000 08:01 3282046    /lib/i386-linux-gnu/libnss_nis-2.15.so
b6684000-b6685000 r--p 00009000 08:01 3282046    /lib/i386-linux-gnu/libnss_nis-2.15.so
b6685000-b6686000 rw-p 0000a000 08:01 3282046    /lib/i386-linux-gnu/libnss_nis-2.15.so
b6686000-b669c000 r-xp 00000000 08:01 3282060    /lib/i386-linux-gnu/libnsl-2.15.so
b669c000-b669d000 r--p 00015000 08:01 3282060    /lib/i386-linux-gnu/libnsl-2.15.so
b669d000-b669e000 rw-p 00016000 08:01 3282060    /lib/i386-linux-gnu/libnsl-2.15.so
b669e000-b66a0000 rw-p 00000000 00:00 0 
b66a0000-b66a7000 r-xp 00000000 08:01 3277883    /lib/i386-linux-gnu/libnss_compat-2.15.so
b66a7000-b66a8000 r--p 00006000 08:01 3277883    /lib/i386-linux-gnu/libnss_compat-2.15.so
b66a8000-b66a9000 rw-p 00007000 08:01 3277883    /lib/i386-linux-gnu/libnss_compat-2.15.so
b66b1000-b66b9000 rw-s 00000000 08:01 5242924    /tmp/hsperfdata_zsljulius/8812
b66b9000-b66e0000 r-xp 00000000 08:01 1442674    /usr/lib/jvm/java-7-openjdk-i386/jre/lib/i386/libjava.so
b66e0000-b66e1000 r--p 00026000 08:01 1442674    /usr/lib/jvm/java-7-openjdk-i386/jre/lib/i386/libjava.so
b66e1000-b66e2000 rw-p 00027000 08:01 1442674    /usr/lib/jvm/java-7-openjdk-i386/jre/lib/i386/libjava.so
b66e2000-b66e9000 r-xp 00000000 08:01 3280755    /lib/i386-linux-gnu/librt-2.15.so
b66e9000-b66ea000 r--p 00006000 08:01 3280755    /lib/i386-linux-gnu/librt-2.15.so
b66ea000-b66eb000 rw-p 00007000 08:01 3280755    /lib/i386-linux-gnu/librt-2.15.so
b66eb000-b66ee000 ---p 00000000 00:00 0 
b66ee000-b673c000 rw-p 00000000 00:00 0 
b673c000-b6758000 r-xp 00000000 08:01 3277748    /lib/i386-linux-gnu/libgcc_s.so.1
b6758000-b6759000 r--p 0001b000 08:01 3277748    /lib/i386-linux-gnu/libgcc_s.so.1
b6759000-b675a000 rw-p 0001c000 08:01 3277748    /lib/i386-linux-gnu/libgcc_s.so.1
b675a000-b6784000 r-xp 00000000 08:01 3282051    /lib/i386-linux-gnu/libm-2.15.so
b6784000-b6785000 r--p 00029000 08:01 3282051    /lib/i386-linux-gnu/libm-2.15.so
b6785000-b6786000 rw-p 0002a000 08:01 3282051    /lib/i386-linux-gnu/libm-2.15.so
b6786000-b685e000 r-xp 00000000 08:01 267213     /usr/lib/i386-linux-gnu/libstdc++.so.6.0.16
b685e000-b685f000 ---p 000d8000 08:01 267213     /usr/lib/i386-linux-gnu/libstdc++.so.6.0.16
b685f000-b6863000 r--p 000d8000 08:01 267213     /usr/lib/i386-linux-gnu/libstdc++.so.6.0.16
b6863000-b6864000 rw-p 000dc000 08:01 267213     /usr/lib/i386-linux-gnu/libstdc++.so.6.0.16
b6864000-b686b000 rw-p 00000000 00:00 0 
b686b000-b7150000 r-xp 00000000 08:01 1442689    /usr/lib/jvm/java-7-openjdk-i386/jre/lib/i386/server/libjvm.so
b7150000-b7197000 r--p 008e5000 08:01 1442689    /usr/lib/jvm/java-7-openjdk-i386/jre/lib/i386/server/libjvm.so
b7197000-b71ab000 rw-p 0092c000 08:01 1442689    /usr/lib/jvm/java-7-openjdk-i386/jre/lib/i386/server/libjvm.so
b71ab000-b75c9000 rw-p 00000000 00:00 0 
b75c9000-b75dd000 r-xp 00000000 08:01 3277838    /lib/i386-linux-gnu/libz.so.1.2.3.4
b75dd000-b75de000 r--p 00013000 08:01 3277838    /lib/i386-linux-gnu/libz.so.1.2.3.4
b75de000-b75df000 rw-p 00014000 08:01 3277838    /lib/i386-linux-gnu/libz.so.1.2.3.4
b75df000-b75f6000 r-xp 00000000 08:01 3282048    /lib/i386-linux-gnu/libpthread-2.15.so
b75f6000-b75f7000 r--p 00016000 08:01 3282048    /lib/i386-linux-gnu/libpthread-2.15.so
b75f7000-b75f8000 rw-p 00017000 08:01 3282048    /lib/i386-linux-gnu/libpthread-2.15.so
b75f8000-b75fa000 rw-p 00000000 00:00 0 
b75fa000-b75fd000 r-xp 00000000 08:01 3282055    /lib/i386-linux-gnu/libdl-2.15.so
b75fd000-b75fe000 r--p 00002000 08:01 3282055    /lib/i386-linux-gnu/libdl-2.15.so
b75fe000-b75ff000 rw-p 00003000 08:01 3282055    /lib/i386-linux-gnu/libdl-2.15.so
b75ff000-b77a2000 r-xp 00000000 08:01 3276865    /lib/i386-linux-gnu/libc-2.15.so
b77a2000-b77a3000 ---p 001a3000 08:01 3276865    /lib/i386-linux-gnu/libc-2.15.so
b77a3000-b77a5000 r--p 001a3000 08:01 3276865    /lib/i386-linux-gnu/libc-2.15.so
b77a5000-b77a6000 rw-p 001a5000 08:01 3276865    /lib/i386-linux-gnu/libc-2.15.so
b77a6000-b77aa000 rw-p 00000000 00:00 0 
b77aa000-b77ab000 r--p 00000000 00:00 0 
b77ab000-b77b7000 r-xp 00000000 08:01 1442695    /usr/lib/jvm/java-7-openjdk-i386/jre/lib/i386/libverify.so
b77b7000-b77b8000 r--p 0000b000 08:01 1442695    /usr/lib/jvm/java-7-openjdk-i386/jre/lib/i386/libverify.so
b77b8000-b77b9000 rw-p 0000c000 08:01 1442695    /usr/lib/jvm/java-7-openjdk-i386/jre/lib/i386/libverify.so
b77b9000-b77c6000 r-xp 00000000 08:01 1442682    /usr/lib/jvm/java-7-openjdk-i386/jre/lib/i386/jli/libjli.so
b77c6000-b77c7000 r--p 0000c000 08:01 1442682    /usr/lib/jvm/java-7-openjdk-i386/jre/lib/i386/jli/libjli.so
b77c7000-b77c8000 rw-p 0000d000 08:01 1442682    /usr/lib/jvm/java-7-openjdk-i386/jre/lib/i386/jli/libjli.so
b77c8000-b77cb000 rw-p 00000000 00:00 0 
b77cb000-b77cc000 r-xp 00000000 00:00 0          [vdso]
b77cc000-b77ec000 r-xp 00000000 08:01 3282052    /lib/i386-linux-gnu/ld-2.15.so
b77ec000-b77ed000 r--p 0001f000 08:01 3282052    /lib/i386-linux-gnu/ld-2.15.so
b77ed000-b77ee000 rw-p 00020000 08:01 3282052    /lib/i386-linux-gnu/ld-2.15.so
bf92f000-bf950000 rw-p 00000000 00:00 0          [stack]

VM Arguments:
jvm_args: -Dfile.encoding=UTF-8 -Xbootclasspath:/home/zsljulius/adt-bundle-linux-x86/sdk/platforms/android-17/android.jar 
java_command: featureTester
Launcher Type: SUN_STANDARD

Environment Variables:
PATH=/usr/lib/lightdm/lightdm:/usr/local/sbin:/usr/local/bin:/usr/sbin:/usr/bin:/sbin:/bin:/usr/games
LD_LIBRARY_PATH=/usr/lib/jvm/java-7-openjdk-i386/jre/lib/i386/server:/usr/lib/jvm/java-7-openjdk-i386/jre/lib/i386:/usr/lib/jvm/java-7-openjdk-i386/jre/../lib/i386:/usr/lib/jvm/java-7-openjdk-i386/jre/lib/i386/client:/usr/lib/jvm/java-7-openjdk-i386/jre/lib/i386:
SHELL=/bin/bash
DISPLAY=:0

Signal Handlers:
SIGSEGV: [libjvm.so+0x7539a0], sa_mask[0]=0x7ffbfeff, sa_flags=0x10000004
SIGBUS: [libjvm.so+0x7539a0], sa_mask[0]=0x7ffbfeff, sa_flags=0x10000004
SIGFPE: [libjvm.so+0x5e9510], sa_mask[0]=0x7ffbfeff, sa_flags=0x10000004
SIGPIPE: [libjvm.so+0x5e9510], sa_mask[0]=0x7ffbfeff, sa_flags=0x10000004
SIGXFSZ: [libjvm.so+0x5e9510], sa_mask[0]=0x7ffbfeff, sa_flags=0x10000004
SIGILL: [libjvm.so+0x5e9510], sa_mask[0]=0x7ffbfeff, sa_flags=0x10000004
SIGUSR1: SIG_DFL, sa_mask[0]=0x00000000, sa_flags=0x00000000
SIGUSR2: [libjvm.so+0x5e93a0], sa_mask[0]=0x00000004, sa_flags=0x10000004
SIGHUP: SIG_DFL, sa_mask[0]=0x00000000, sa_flags=0x00000000
SIGINT: SIG_DFL, sa_mask[0]=0x00000000, sa_flags=0x00000000
SIGTERM: SIG_DFL, sa_mask[0]=0x00000000, sa_flags=0x00000000
SIGQUIT: SIG_DFL, sa_mask[0]=0x00000000, sa_flags=0x00000000


---------------  S Y S T E M  ---------------

OS:Ubuntu 12.04 (precise)
uname:Linux 3.2.0-38-generic-pae #61-Ubuntu SMP Tue Feb 19 12:39:51 UTC 2013 i686
libc:glibc 2.15 NPTL 2.15 
rlimit: STACK 8192k, CORE 0k, NPROC 32083, NOFILE 4096, AS infinity
load average:0.19 0.13 0.14

/proc/meminfo:
MemTotal:        4121320 kB
MemFree:         1769760 kB
Buffers:          175192 kB
Cached:          1236548 kB
SwapCached:            0 kB
Active:          1290560 kB
Inactive:         935488 kB
Active(anon):     815268 kB
Inactive(anon):     1660 kB
Active(file):     475292 kB
Inactive(file):   933828 kB
Unevictable:          24 kB
Mlocked:              24 kB
HighTotal:       3280776 kB
HighFree:        1199436 kB
LowTotal:         840544 kB
LowFree:          570324 kB
SwapTotal:       8333308 kB
SwapFree:        8333308 kB
Dirty:              1192 kB
Writeback:             0 kB
AnonPages:        814792 kB
Mapped:           150016 kB
Shmem:              2380 kB
Slab:              78332 kB
SReclaimable:      59760 kB
SUnreclaim:        18572 kB
KernelStack:        3536 kB
PageTables:         8688 kB
NFS_Unstable:          0 kB
Bounce:                0 kB
WritebackTmp:          0 kB
CommitLimit:    10393968 kB
Committed_AS:    3249032 kB
VmallocTotal:     122880 kB
VmallocUsed:       24260 kB
VmallocChunk:      97668 kB
HardwareCorrupted:     0 kB
AnonHugePages:         0 kB
HugePages_Total:       0
HugePages_Free:        0
HugePages_Rsvd:        0
HugePages_Surp:        0
Hugepagesize:       2048 kB
DirectMap4k:       12280 kB
DirectMap2M:      901120 kB


CPU:total 4 (4 cores per cpu, 1 threads per core) family 6 model 42 stepping 7, cmov, cx8, fxsr, mmx, sse, sse2, sse3, ssse3, sse4.1, sse4.2, popcnt, avx, tsc, tscinvbit

/proc/cpuinfo:
processor	: 0
vendor_id	: GenuineIntel
cpu family	: 6
model		: 42
model name	: Intel(R) Core(TM) i7-2600 CPU @ 3.40GHz
stepping	: 7
microcode	: 0x23
cpu MHz		: 3392.359
cache size	: 8192 KB
physical id	: 0
siblings	: 4
core id		: 0
cpu cores	: 4
apicid		: 0
initial apicid	: 0
fdiv_bug	: no
hlt_bug		: no
f00f_bug	: no
coma_bug	: no
fpu		: yes
fpu_exception	: yes
cpuid level	: 13
wp		: yes
flags		: fpu vme de pse tsc msr pae mce cx8 apic sep mtrr pge mca cmov pat pse36 clflush dts mmx fxsr sse sse2 ss ht nx rdtscp lm constant_tsc arch_perfmon pebs bts xtopology tsc_reliable nonstop_tsc aperfmperf pni pclmulqdq ssse3 cx16 pcid sse4_1 sse4_2 x2apic popcnt aes xsave avx hypervisor lahf_lm ida arat epb xsaveopt pln pts dtherm
bogomips	: 6784.71
clflush size	: 64
cache_alignment	: 64
address sizes	: 40 bits physical, 48 bits virtual
power management:

processor	: 1
vendor_id	: GenuineIntel
cpu family	: 6
model		: 42
model name	: Intel(R) Core(TM) i7-2600 CPU @ 3.40GHz
stepping	: 7
microcode	: 0x23
cpu MHz		: 3392.359
cache size	: 8192 KB
physical id	: 0
siblings	: 4
core id		: 1
cpu cores	: 4
apicid		: 1
initial apicid	: 1
fdiv_bug	: no
hlt_bug		: no
f00f_bug	: no
coma_bug	: no
fpu		: yes
fpu_exception	: yes
cpuid level	: 13
wp		: yes
flags		: fpu vme de pse tsc msr pae mce cx8 apic sep mtrr pge mca cmov pat pse36 clflush dts mmx fxsr sse sse2 ss ht nx rdtscp lm constant_tsc arch_perfmon pebs bts xtopology tsc_reliable nonstop_tsc aperfmperf pni pclmulqdq ssse3 cx16 pcid sse4_1 sse4_2 x2apic popcnt aes xsave avx hypervisor lahf_lm ida arat epb xsaveopt pln pts dtherm
bogomips	: 6784.71
clflush size	: 64
cache_alignment	: 64
address sizes	: 40 bits physical, 48 bits virtual
power management:

processor	: 2
vendor_id	: GenuineIntel
cpu family	: 6
model		: 42
model name	: Intel(R) Core(TM) i7-2600 CPU @ 3.40GHz
stepping	: 7
microcode	: 0x23
cpu MHz		: 3392.359
cache size	: 8192 KB
physical id	: 0
siblings	: 4
core id		: 2
cpu cores	: 4
apicid		: 2
initial apicid	: 2
fdiv_bug	: no
hlt_bug		: no
f00f_bug	: no
coma_bug	: no
fpu		: yes
fpu_exception	: yes
cpuid level	: 13
wp		: yes
flags		: fpu vme de pse tsc msr pae mce cx8 apic sep mtrr pge mca cmov pat pse36 clflush dts mmx fxsr sse sse2 ss ht nx rdtscp lm constant_tsc arch_perfmon pebs bts xtopology tsc_reliable nonstop_tsc aperfmperf pni pclmulqdq ssse3 cx16 pcid sse4_1 sse4_2 x2apic popcnt aes xsave avx hypervisor lahf_lm ida arat epb xsaveopt pln pts dtherm
bogomips	: 6784.71
clflush size	: 64
cache_alignment	: 64
address sizes	: 40 bits physical, 48 bits virtual
power management:

processor	: 3
vendor_id	: GenuineIntel
cpu family	: 6
model		: 42
model name	: Intel(R) Core(TM) i7-2600 CPU @ 3.40GHz
stepping	: 7
microcode	: 0x23
cpu MHz		: 3392.359
cache size	: 8192 KB
physical id	: 0
siblings	: 4
core id		: 3
cpu cores	: 4
apicid		: 3
initial apicid	: 3
fdiv_bug	: no
hlt_bug		: no
f00f_bug	: no
coma_bug	: no
fpu		: yes
fpu_exception	: yes
cpuid level	: 13
wp		: yes
flags		: fpu vme de pse tsc msr pae mce cx8 apic sep mtrr pge mca cmov pat pse36 clflush dts mmx fxsr sse sse2 ss ht nx rdtscp lm constant_tsc arch_perfmon pebs bts xtopology tsc_reliable nonstop_tsc aperfmperf pni pclmulqdq ssse3 cx16 pcid sse4_1 sse4_2 x2apic popcnt aes xsave avx hypervisor lahf_lm ida arat epb xsaveopt pln pts dtherm
bogomips	: 6784.71
clflush size	: 64
cache_alignment	: 64
address sizes	: 40 bits physical, 48 bits virtual
power management:



Memory: 4k page, physical 4121320k(1769760k free), swap 8333308k(8333308k free)

vm_info: OpenJDK Server VM (23.7-b01) for linux-x86 JRE (1.7.0_15-b20), built on Mar  6 2013 20:42:50 by "buildd" with gcc 4.6.3

time: Sun Mar 10 16:05:18 2013
elapsed time: 0 seconds

